P04-NGUYEN                  CUSTOMER ACCOUNT REPORT                   05/07/2022

  10000 Test-Rec-1                                                0.00 BEG BAL
                    10000  01/01/2021  trans 10000-1              1.01
                    10000  01/02/2021  trans 10000-2             10.01
                    10000  01/03/2021  trans 10000-3            100.01
                                                                111.03 END BAL


  10001 Anna Arcello                                            425.16 BEG BAL
                    10001  01/02/2021  Walmart                   25.17
                    10001  01/10/2021  Harps                    102.34
                    10001  01/15/2021  Walmart                   82.25
                                                                634.92 END BAL


  10002 Barbara Boyd                                             81.45 BEG BAL
                    10002  01/06/2021  Taco Bell                 12.75
                    10002  01/14/2021  Walmart                   43.55
                                                                137.75 END BAL


  10003 Charmaine Cruz                                          210.23 BEG BAL
                    10003  01/12/2021  Target                    62.10
                    10003  01/18/2021  Chili's                   24.63
                    10003  01/18/2021  Best Buy                 185.46
                    10003  01/20/2021  Amazon                   106.52
                                                                588.94 END BAL


  10004 Diane Decora                                              0.00 BEG BAL
                    10004  01/02/2021  Costco                   124.87
                    10004  01/12/2021  5-Guy's                   14.75
                    10004  01/25/2021  Amazon                    42.14
                                                                181.76 END BAL


  10005 Eve Eden                                              1,004.10 BEG BAL
                    10005  01/03/2021  Freddy's                  15.14
                    10005  01/09/2021  Walmart                   73.12
                    10005  01/12/2021  Amazon                   143.25
                    10005  01/21/2021  Netflix                   17.55
                    10005  01/25/2021  Sonic                     12.87
                                                              1,266.03 END BAL


  10006 Test-Rec-2                                           10,000.00 BEG BAL
                    10006  01/01/2021  trans 10006-1          1,000.00
                    10006  01/02/2021  trans 10006-2            200.00
                    10006  01/03/2021  trans 10006-3             30.00
                    10006  01/04/2021  trans 10006-4              4.00
                                                             11,234.00 END BAL


